<?xml version="1.0" ?>
<coverage version="6.3.2" timestamp="1659083217231" lines-valid="784" lines-covered="550" line-rate="0.7015" branches-covered="0" branches-valid="0" branch-rate="0" complexity="0">
	<!-- Generated by coverage.py: https://coverage.readthedocs.io -->
	<!-- Based on https://raw.githubusercontent.com/cobertura/web/master/htdocs/xml/coverage-04.dtd -->
	<sources>
		<source>/Users/ypradat/Documents/projects/tools/visualisation/comut</source>
	</sources>
	<packages>
		<package name="." line-rate="0" branch-rate="0" complexity="0">
			<classes>
				<class name="setup.py" filename="setup.py" complexity="0" line-rate="0" branch-rate="0">
					<methods/>
					<lines>
						<line number="1" hits="0"/>
						<line number="2" hits="0"/>
					</lines>
				</class>
			</classes>
		</package>
		<package name="comut" line-rate="0.7033" branch-rate="0" complexity="0">
			<classes>
				<class name="comut.py" filename="comut/comut.py" complexity="0" line-rate="0.7033" branch-rate="0">
					<methods/>
					<lines>
						<line number="1" hits="1"/>
						<line number="2" hits="1"/>
						<line number="3" hits="1"/>
						<line number="4" hits="1"/>
						<line number="5" hits="1"/>
						<line number="6" hits="1"/>
						<line number="7" hits="1"/>
						<line number="8" hits="1"/>
						<line number="9" hits="1"/>
						<line number="12" hits="1"/>
						<line number="42" hits="1"/>
						<line number="45" hits="1"/>
						<line number="46" hits="1"/>
						<line number="47" hits="1"/>
						<line number="48" hits="1"/>
						<line number="51" hits="1"/>
						<line number="52" hits="1"/>
						<line number="53" hits="1"/>
						<line number="55" hits="1"/>
						<line number="56" hits="1"/>
						<line number="70" hits="0"/>
						<line number="71" hits="0"/>
						<line number="73" hits="0"/>
						<line number="74" hits="0"/>
						<line number="76" hits="0"/>
						<line number="78" hits="1"/>
						<line number="79" hits="1"/>
						<line number="98" hits="1"/>
						<line number="102" hits="1"/>
						<line number="106" hits="1"/>
						<line number="108" hits="1"/>
						<line number="109" hits="1"/>
						<line number="130" hits="1"/>
						<line number="131" hits="1"/>
						<line number="134" hits="1"/>
						<line number="135" hits="1"/>
						<line number="138" hits="1"/>
						<line number="139" hits="1"/>
						<line number="141" hits="1"/>
						<line number="142" hits="1"/>
						<line number="174" hits="1"/>
						<line number="177" hits="1"/>
						<line number="181" hits="1"/>
						<line number="182" hits="1"/>
						<line number="183" hits="1"/>
						<line number="187" hits="1"/>
						<line number="188" hits="1"/>
						<line number="191" hits="1"/>
						<line number="192" hits="1"/>
						<line number="193" hits="1"/>
						<line number="196" hits="1"/>
						<line number="197" hits="1"/>
						<line number="198" hits="1"/>
						<line number="199" hits="1"/>
						<line number="203" hits="1"/>
						<line number="204" hits="1"/>
						<line number="205" hits="1"/>
						<line number="208" hits="1"/>
						<line number="209" hits="1"/>
						<line number="212" hits="0"/>
						<line number="213" hits="0"/>
						<line number="214" hits="0"/>
						<line number="215" hits="0"/>
						<line number="218" hits="0"/>
						<line number="219" hits="0"/>
						<line number="220" hits="0"/>
						<line number="222" hits="1"/>
						<line number="224" hits="1"/>
						<line number="233" hits="1"/>
						<line number="234" hits="0"/>
						<line number="235" hits="0"/>
						<line number="240" hits="1"/>
						<line number="354" hits="1"/>
						<line number="355" hits="1"/>
						<line number="356" hits="0"/>
						<line number="357" hits="0"/>
						<line number="358" hits="0"/>
						<line number="361" hits="1"/>
						<line number="362" hits="1"/>
						<line number="363" hits="0"/>
						<line number="365" hits="1"/>
						<line number="368" hits="1"/>
						<line number="369" hits="0"/>
						<line number="371" hits="1"/>
						<line number="372" hits="1"/>
						<line number="374" hits="1"/>
						<line number="375" hits="1"/>
						<line number="377" hits="1"/>
						<line number="378" hits="1"/>
						<line number="382" hits="1"/>
						<line number="383" hits="1"/>
						<line number="386" hits="1"/>
						<line number="387" hits="1"/>
						<line number="388" hits="0"/>
						<line number="391" hits="0"/>
						<line number="392" hits="0"/>
						<line number="395" hits="0"/>
						<line number="396" hits="0"/>
						<line number="397" hits="0"/>
						<line number="398" hits="0"/>
						<line number="400" hits="0"/>
						<line number="401" hits="0"/>
						<line number="402" hits="0"/>
						<line number="404" hits="1"/>
						<line number="407" hits="1"/>
						<line number="410" hits="1"/>
						<line number="411" hits="1"/>
						<line number="412" hits="1"/>
						<line number="413" hits="1"/>
						<line number="414" hits="1"/>
						<line number="415" hits="1"/>
						<line number="418" hits="1"/>
						<line number="419" hits="0"/>
						<line number="420" hits="0"/>
						<line number="424" hits="1"/>
						<line number="425" hits="1"/>
						<line number="426" hits="1"/>
						<line number="427" hits="0"/>
						<line number="429" hits="1"/>
						<line number="432" hits="1"/>
						<line number="433" hits="0"/>
						<line number="434" hits="0"/>
						<line number="438" hits="0"/>
						<line number="441" hits="1"/>
						<line number="445" hits="1"/>
						<line number="452" hits="1"/>
						<line number="453" hits="1"/>
						<line number="455" hits="1"/>
						<line number="486" hits="1"/>
						<line number="487" hits="1"/>
						<line number="488" hits="0"/>
						<line number="489" hits="0"/>
						<line number="490" hits="0"/>
						<line number="493" hits="1"/>
						<line number="494" hits="1"/>
						<line number="495" hits="0"/>
						<line number="497" hits="1"/>
						<line number="500" hits="1"/>
						<line number="501" hits="0"/>
						<line number="504" hits="1"/>
						<line number="505" hits="1"/>
						<line number="506" hits="0"/>
						<line number="509" hits="0"/>
						<line number="510" hits="0"/>
						<line number="511" hits="0"/>
						<line number="513" hits="1"/>
						<line number="515" hits="1"/>
						<line number="516" hits="0"/>
						<line number="517" hits="0"/>
						<line number="520" hits="0"/>
						<line number="524" hits="1"/>
						<line number="525" hits="1"/>
						<line number="526" hits="1"/>
						<line number="527" hits="1"/>
						<line number="528" hits="1"/>
						<line number="531" hits="1"/>
						<line number="533" hits="1"/>
						<line number="534" hits="1"/>
						<line number="537" hits="1"/>
						<line number="600" hits="1"/>
						<line number="601" hits="1"/>
						<line number="602" hits="0"/>
						<line number="603" hits="0"/>
						<line number="604" hits="0"/>
						<line number="607" hits="1"/>
						<line number="608" hits="1"/>
						<line number="609" hits="0"/>
						<line number="611" hits="1"/>
						<line number="614" hits="1"/>
						<line number="615" hits="0"/>
						<line number="618" hits="1"/>
						<line number="619" hits="0"/>
						<line number="621" hits="1"/>
						<line number="622" hits="1"/>
						<line number="623" hits="1"/>
						<line number="625" hits="0"/>
						<line number="628" hits="1"/>
						<line number="629" hits="1"/>
						<line number="633" hits="0"/>
						<line number="634" hits="0"/>
						<line number="635" hits="0"/>
						<line number="636" hits="0"/>
						<line number="637" hits="0"/>
						<line number="640" hits="1"/>
						<line number="641" hits="1"/>
						<line number="642" hits="0"/>
						<line number="644" hits="1"/>
						<line number="645" hits="1"/>
						<line number="646" hits="1"/>
						<line number="648" hits="0"/>
						<line number="651" hits="1"/>
						<line number="652" hits="1"/>
						<line number="653" hits="1"/>
						<line number="654" hits="0"/>
						<line number="656" hits="1"/>
						<line number="657" hits="0"/>
						<line number="661" hits="1"/>
						<line number="662" hits="1"/>
						<line number="663" hits="1"/>
						<line number="664" hits="1"/>
						<line number="667" hits="1"/>
						<line number="670" hits="1"/>
						<line number="671" hits="1"/>
						<line number="675" hits="1"/>
						<line number="682" hits="1"/>
						<line number="683" hits="1"/>
						<line number="685" hits="1"/>
						<line number="736" hits="1"/>
						<line number="737" hits="0"/>
						<line number="740" hits="1"/>
						<line number="741" hits="0"/>
						<line number="743" hits="1"/>
						<line number="744" hits="1"/>
						<line number="747" hits="1"/>
						<line number="750" hits="1"/>
						<line number="751" hits="1"/>
						<line number="752" hits="0"/>
						<line number="754" hits="1"/>
						<line number="757" hits="1"/>
						<line number="758" hits="1"/>
						<line number="759" hits="1"/>
						<line number="762" hits="1"/>
						<line number="763" hits="0"/>
						<line number="764" hits="0"/>
						<line number="765" hits="0"/>
						<line number="769" hits="1"/>
						<line number="774" hits="1"/>
						<line number="775" hits="1"/>
						<line number="777" hits="1"/>
						<line number="813" hits="0"/>
						<line number="814" hits="0"/>
						<line number="815" hits="0"/>
						<line number="816" hits="0"/>
						<line number="817" hits="0"/>
						<line number="820" hits="0"/>
						<line number="821" hits="0"/>
						<line number="823" hits="0"/>
						<line number="824" hits="0"/>
						<line number="827" hits="0"/>
						<line number="830" hits="0"/>
						<line number="831" hits="0"/>
						<line number="832" hits="0"/>
						<line number="834" hits="0"/>
						<line number="837" hits="0"/>
						<line number="840" hits="0"/>
						<line number="843" hits="0"/>
						<line number="844" hits="0"/>
						<line number="845" hits="0"/>
						<line number="846" hits="0"/>
						<line number="847" hits="0"/>
						<line number="849" hits="0"/>
						<line number="850" hits="0"/>
						<line number="851" hits="0"/>
						<line number="853" hits="0"/>
						<line number="857" hits="0"/>
						<line number="858" hits="0"/>
						<line number="860" hits="1"/>
						<line number="910" hits="1"/>
						<line number="913" hits="1"/>
						<line number="916" hits="1"/>
						<line number="917" hits="1"/>
						<line number="920" hits="1"/>
						<line number="922" hits="1"/>
						<line number="925" hits="1"/>
						<line number="929" hits="1"/>
						<line number="933" hits="1"/>
						<line number="936" hits="1"/>
						<line number="937" hits="0"/>
						<line number="938" hits="0"/>
						<line number="941" hits="0"/>
						<line number="942" hits="0"/>
						<line number="944" hits="0"/>
						<line number="947" hits="0"/>
						<line number="951" hits="0"/>
						<line number="957" hits="0"/>
						<line number="960" hits="1"/>
						<line number="963" hits="1"/>
						<line number="964" hits="1"/>
						<line number="965" hits="1"/>
						<line number="966" hits="1"/>
						<line number="967" hits="0"/>
						<line number="968" hits="0"/>
						<line number="971" hits="1"/>
						<line number="972" hits="1"/>
						<line number="973" hits="1"/>
						<line number="974" hits="1"/>
						<line number="978" hits="1"/>
						<line number="979" hits="1"/>
						<line number="980" hits="1"/>
						<line number="983" hits="1"/>
						<line number="987" hits="1"/>
						<line number="990" hits="1"/>
						<line number="991" hits="1"/>
						<line number="992" hits="1"/>
						<line number="993" hits="1"/>
						<line number="996" hits="1"/>
						<line number="997" hits="1"/>
						<line number="1000" hits="1"/>
						<line number="1003" hits="1"/>
						<line number="1004" hits="1"/>
						<line number="1006" hits="1"/>
						<line number="1007" hits="1"/>
						<line number="1010" hits="1"/>
						<line number="1011" hits="0"/>
						<line number="1012" hits="0"/>
						<line number="1015" hits="0"/>
						<line number="1016" hits="0"/>
						<line number="1019" hits="1"/>
						<line number="1020" hits="1"/>
						<line number="1023" hits="1"/>
						<line number="1024" hits="1"/>
						<line number="1025" hits="1"/>
						<line number="1027" hits="0"/>
						<line number="1030" hits="1"/>
						<line number="1031" hits="1"/>
						<line number="1039" hits="1"/>
						<line number="1040" hits="1"/>
						<line number="1042" hits="1"/>
						<line number="1043" hits="1"/>
						<line number="1045" hits="1"/>
						<line number="1046" hits="1"/>
						<line number="1047" hits="1"/>
						<line number="1048" hits="1"/>
						<line number="1052" hits="1"/>
						<line number="1054" hits="1"/>
						<line number="1105" hits="1"/>
						<line number="1108" hits="1"/>
						<line number="1109" hits="1"/>
						<line number="1112" hits="1"/>
						<line number="1113" hits="1"/>
						<line number="1114" hits="1"/>
						<line number="1115" hits="1"/>
						<line number="1116" hits="1"/>
						<line number="1117" hits="1"/>
						<line number="1120" hits="1"/>
						<line number="1121" hits="1"/>
						<line number="1124" hits="1"/>
						<line number="1127" hits="1"/>
						<line number="1130" hits="1"/>
						<line number="1134" hits="0"/>
						<line number="1135" hits="0"/>
						<line number="1138" hits="0"/>
						<line number="1142" hits="1"/>
						<line number="1143" hits="1"/>
						<line number="1144" hits="1"/>
						<line number="1146" hits="0"/>
						<line number="1149" hits="1"/>
						<line number="1152" hits="1"/>
						<line number="1154" hits="1"/>
						<line number="1156" hits="1"/>
						<line number="1157" hits="1"/>
						<line number="1160" hits="0"/>
						<line number="1161" hits="0"/>
						<line number="1163" hits="1"/>
						<line number="1164" hits="1"/>
						<line number="1166" hits="1"/>
						<line number="1233" hits="1"/>
						<line number="1234" hits="0"/>
						<line number="1237" hits="1"/>
						<line number="1238" hits="0"/>
						<line number="1240" hits="1"/>
						<line number="1241" hits="0"/>
						<line number="1243" hits="1"/>
						<line number="1244" hits="1"/>
						<line number="1247" hits="1"/>
						<line number="1248" hits="0"/>
						<line number="1252" hits="1"/>
						<line number="1253" hits="1"/>
						<line number="1254" hits="0"/>
						<line number="1257" hits="1"/>
						<line number="1260" hits="1"/>
						<line number="1261" hits="1"/>
						<line number="1262" hits="1"/>
						<line number="1263" hits="0"/>
						<line number="1264" hits="0"/>
						<line number="1269" hits="1"/>
						<line number="1270" hits="1"/>
						<line number="1271" hits="1"/>
						<line number="1274" hits="1"/>
						<line number="1275" hits="0"/>
						<line number="1279" hits="1"/>
						<line number="1286" hits="1"/>
						<line number="1287" hits="1"/>
						<line number="1290" hits="1"/>
						<line number="1351" hits="1"/>
						<line number="1352" hits="0"/>
						<line number="1355" hits="1"/>
						<line number="1356" hits="0"/>
						<line number="1359" hits="1"/>
						<line number="1360" hits="0"/>
						<line number="1362" hits="1"/>
						<line number="1363" hits="0"/>
						<line number="1366" hits="1"/>
						<line number="1367" hits="0"/>
						<line number="1371" hits="1"/>
						<line number="1372" hits="1"/>
						<line number="1373" hits="0"/>
						<line number="1376" hits="1"/>
						<line number="1377" hits="1"/>
						<line number="1378" hits="1"/>
						<line number="1379" hits="0"/>
						<line number="1380" hits="0"/>
						<line number="1385" hits="1"/>
						<line number="1386" hits="0"/>
						<line number="1387" hits="0"/>
						<line number="1388" hits="0"/>
						<line number="1389" hits="0"/>
						<line number="1391" hits="0"/>
						<line number="1392" hits="0"/>
						<line number="1393" hits="0"/>
						<line number="1394" hits="0"/>
						<line number="1395" hits="0"/>
						<line number="1396" hits="0"/>
						<line number="1397" hits="0"/>
						<line number="1398" hits="0"/>
						<line number="1399" hits="0"/>
						<line number="1403" hits="1"/>
						<line number="1404" hits="1"/>
						<line number="1405" hits="1"/>
						<line number="1408" hits="1"/>
						<line number="1414" hits="1"/>
						<line number="1415" hits="1"/>
						<line number="1417" hits="1"/>
						<line number="1440" hits="0"/>
						<line number="1443" hits="0"/>
						<line number="1444" hits="0"/>
						<line number="1447" hits="0"/>
						<line number="1450" hits="0"/>
						<line number="1453" hits="0"/>
						<line number="1456" hits="0"/>
						<line number="1457" hits="0"/>
						<line number="1460" hits="0"/>
						<line number="1461" hits="0"/>
						<line number="1463" hits="0"/>
						<line number="1464" hits="0"/>
						<line number="1466" hits="1"/>
						<line number="1530" hits="1"/>
						<line number="1533" hits="1"/>
						<line number="1535" hits="1"/>
						<line number="1536" hits="1"/>
						<line number="1538" hits="1"/>
						<line number="1541" hits="1"/>
						<line number="1542" hits="1"/>
						<line number="1543" hits="1"/>
						<line number="1544" hits="1"/>
						<line number="1545" hits="1"/>
						<line number="1546" hits="1"/>
						<line number="1549" hits="1"/>
						<line number="1550" hits="1"/>
						<line number="1553" hits="1"/>
						<line number="1555" hits="1"/>
						<line number="1558" hits="1"/>
						<line number="1562" hits="1"/>
						<line number="1563" hits="1"/>
						<line number="1565" hits="1"/>
						<line number="1566" hits="1"/>
						<line number="1567" hits="1"/>
						<line number="1568" hits="1"/>
						<line number="1570" hits="1"/>
						<line number="1572" hits="1"/>
						<line number="1575" hits="1"/>
						<line number="1576" hits="1"/>
						<line number="1577" hits="1"/>
						<line number="1579" hits="1"/>
						<line number="1580" hits="1"/>
						<line number="1583" hits="1"/>
						<line number="1586" hits="1"/>
						<line number="1587" hits="1"/>
						<line number="1588" hits="1"/>
						<line number="1590" hits="0"/>
						<line number="1593" hits="1"/>
						<line number="1596" hits="1"/>
						<line number="1598" hits="1"/>
						<line number="1600" hits="1"/>
						<line number="1601" hits="1"/>
						<line number="1604" hits="0"/>
						<line number="1605" hits="0"/>
						<line number="1607" hits="1"/>
						<line number="1608" hits="1"/>
						<line number="1611" hits="1"/>
						<line number="1661" hits="1"/>
						<line number="1662" hits="1"/>
						<line number="1663" hits="1"/>
						<line number="1664" hits="1"/>
						<line number="1665" hits="1"/>
						<line number="1666" hits="1"/>
						<line number="1667" hits="1"/>
						<line number="1668" hits="1"/>
						<line number="1669" hits="1"/>
						<line number="1671" hits="1"/>
						<line number="1676" hits="1"/>
						<line number="1677" hits="0"/>
						<line number="1679" hits="1"/>
						<line number="1680" hits="1"/>
						<line number="1683" hits="1"/>
						<line number="1686" hits="1"/>
						<line number="1687" hits="1"/>
						<line number="1688" hits="1"/>
						<line number="1689" hits="1"/>
						<line number="1690" hits="1"/>
						<line number="1691" hits="0"/>
						<line number="1692" hits="0"/>
						<line number="1693" hits="0"/>
						<line number="1694" hits="0"/>
						<line number="1696" hits="0"/>
						<line number="1698" hits="1"/>
						<line number="1699" hits="1"/>
						<line number="1701" hits="0"/>
						<line number="1704" hits="1"/>
						<line number="1707" hits="1"/>
						<line number="1709" hits="1"/>
						<line number="1711" hits="1"/>
						<line number="1712" hits="1"/>
						<line number="1715" hits="0"/>
						<line number="1716" hits="0"/>
						<line number="1718" hits="1"/>
						<line number="1719" hits="1"/>
						<line number="1722" hits="1"/>
						<line number="1754" hits="1"/>
						<line number="1755" hits="1"/>
						<line number="1756" hits="1"/>
						<line number="1757" hits="1"/>
						<line number="1758" hits="1"/>
						<line number="1759" hits="1"/>
						<line number="1760" hits="1"/>
						<line number="1761" hits="1"/>
						<line number="1766" hits="1"/>
						<line number="1767" hits="1"/>
						<line number="1768" hits="1"/>
						<line number="1769" hits="1"/>
						<line number="1770" hits="1"/>
						<line number="1773" hits="1"/>
						<line number="1774" hits="1"/>
						<line number="1775" hits="1"/>
						<line number="1776" hits="1"/>
						<line number="1777" hits="1"/>
						<line number="1778" hits="1"/>
						<line number="1779" hits="1"/>
						<line number="1780" hits="1"/>
						<line number="1781" hits="1"/>
						<line number="1782" hits="1"/>
						<line number="1783" hits="1"/>
						<line number="1786" hits="1"/>
						<line number="1787" hits="1"/>
						<line number="1788" hits="1"/>
						<line number="1794" hits="0"/>
						<line number="1795" hits="0"/>
						<line number="1796" hits="0"/>
						<line number="1798" hits="1"/>
						<line number="1800" hits="1"/>
						<line number="1814" hits="1"/>
						<line number="1815" hits="1"/>
						<line number="1816" hits="1"/>
						<line number="1818" hits="1"/>
						<line number="1819" hits="1"/>
						<line number="1820" hits="1"/>
						<line number="1821" hits="1"/>
						<line number="1824" hits="1"/>
						<line number="1827" hits="1"/>
						<line number="1829" hits="1"/>
						<line number="1831" hits="1"/>
						<line number="1847" hits="1"/>
						<line number="1848" hits="1"/>
						<line number="1849" hits="1"/>
						<line number="1851" hits="1"/>
						<line number="1852" hits="1"/>
						<line number="1854" hits="1"/>
						<line number="1855" hits="1"/>
						<line number="1857" hits="0"/>
						<line number="1858" hits="0"/>
						<line number="1861" hits="0"/>
						<line number="1863" hits="1"/>
						<line number="1865" hits="1"/>
						<line number="1899" hits="1"/>
						<line number="1900" hits="1"/>
						<line number="1902" hits="1"/>
						<line number="1903" hits="1"/>
						<line number="1906" hits="1"/>
						<line number="1907" hits="1"/>
						<line number="1908" hits="0"/>
						<line number="1910" hits="1"/>
						<line number="1912" hits="1"/>
						<line number="1916" hits="0"/>
						<line number="1917" hits="0"/>
						<line number="1918" hits="0"/>
						<line number="1921" hits="0"/>
						<line number="1922" hits="0"/>
						<line number="1924" hits="0"/>
						<line number="1926" hits="0"/>
						<line number="1927" hits="0"/>
						<line number="1930" hits="1"/>
						<line number="1932" hits="1"/>
						<line number="2036" hits="1"/>
						<line number="2037" hits="1"/>
						<line number="2039" hits="1"/>
						<line number="2040" hits="1"/>
						<line number="2043" hits="1"/>
						<line number="2046" hits="1"/>
						<line number="2050" hits="1"/>
						<line number="2053" hits="1"/>
						<line number="2054" hits="1"/>
						<line number="2058" hits="1"/>
						<line number="2059" hits="1"/>
						<line number="2061" hits="1"/>
						<line number="2063" hits="1"/>
						<line number="2064" hits="1"/>
						<line number="2065" hits="1"/>
						<line number="2066" hits="1"/>
						<line number="2068" hits="1"/>
						<line number="2071" hits="1"/>
						<line number="2074" hits="1"/>
						<line number="2075" hits="1"/>
						<line number="2081" hits="0"/>
						<line number="2086" hits="1"/>
						<line number="2088" hits="1"/>
						<line number="2089" hits="1"/>
						<line number="2090" hits="1"/>
						<line number="2092" hits="1"/>
						<line number="2095" hits="1"/>
						<line number="2096" hits="1"/>
						<line number="2097" hits="1"/>
						<line number="2099" hits="1"/>
						<line number="2100" hits="1"/>
						<line number="2101" hits="1"/>
						<line number="2106" hits="1"/>
						<line number="2107" hits="1"/>
						<line number="2108" hits="1"/>
						<line number="2109" hits="1"/>
						<line number="2110" hits="1"/>
						<line number="2115" hits="1"/>
						<line number="2118" hits="1"/>
						<line number="2119" hits="1"/>
						<line number="2120" hits="1"/>
						<line number="2121" hits="1"/>
						<line number="2122" hits="1"/>
						<line number="2123" hits="1"/>
						<line number="2124" hits="1"/>
						<line number="2125" hits="1"/>
						<line number="2126" hits="1"/>
						<line number="2127" hits="1"/>
						<line number="2128" hits="1"/>
						<line number="2129" hits="1"/>
						<line number="2132" hits="1"/>
						<line number="2133" hits="1"/>
						<line number="2134" hits="1"/>
						<line number="2136" hits="1"/>
						<line number="2137" hits="1"/>
						<line number="2138" hits="1"/>
						<line number="2139" hits="1"/>
						<line number="2141" hits="0"/>
						<line number="2146" hits="1"/>
						<line number="2150" hits="0"/>
						<line number="2153" hits="0"/>
						<line number="2154" hits="0"/>
						<line number="2159" hits="0"/>
						<line number="2162" hits="0"/>
						<line number="2163" hits="0"/>
						<line number="2164" hits="0"/>
						<line number="2165" hits="0"/>
						<line number="2170" hits="0"/>
						<line number="2171" hits="0"/>
						<line number="2176" hits="1"/>
						<line number="2177" hits="1"/>
						<line number="2178" hits="1"/>
						<line number="2179" hits="1"/>
						<line number="2181" hits="1"/>
						<line number="2182" hits="1"/>
						<line number="2183" hits="1"/>
						<line number="2186" hits="0"/>
						<line number="2188" hits="1"/>
						<line number="2189" hits="1"/>
						<line number="2191" hits="1"/>
						<line number="2192" hits="1"/>
						<line number="2194" hits="1"/>
						<line number="2240" hits="0"/>
						<line number="2241" hits="0"/>
						<line number="2243" hits="0"/>
						<line number="2244" hits="0"/>
						<line number="2246" hits="0"/>
						<line number="2247" hits="0"/>
						<line number="2249" hits="0"/>
						<line number="2250" hits="0"/>
						<line number="2253" hits="0"/>
						<line number="2255" hits="0"/>
						<line number="2256" hits="0"/>
						<line number="2257" hits="0"/>
						<line number="2260" hits="0"/>
						<line number="2261" hits="0"/>
						<line number="2263" hits="0"/>
						<line number="2264" hits="0"/>
						<line number="2267" hits="0"/>
						<line number="2268" hits="0"/>
						<line number="2272" hits="0"/>
						<line number="2273" hits="0"/>
						<line number="2274" hits="0"/>
						<line number="2277" hits="0"/>
						<line number="2278" hits="0"/>
						<line number="2279" hits="0"/>
						<line number="2282" hits="0"/>
						<line number="2283" hits="0"/>
						<line number="2286" hits="0"/>
						<line number="2290" hits="0"/>
						<line number="2291" hits="0"/>
						<line number="2293" hits="1"/>
						<line number="2354" hits="1"/>
						<line number="2355" hits="1"/>
						<line number="2357" hits="1"/>
						<line number="2358" hits="1"/>
						<line number="2360" hits="1"/>
						<line number="2361" hits="1"/>
						<line number="2363" hits="1"/>
						<line number="2364" hits="1"/>
						<line number="2366" hits="1"/>
						<line number="2367" hits="1"/>
						<line number="2369" hits="1"/>
						<line number="2370" hits="1"/>
						<line number="2372" hits="1"/>
						<line number="2373" hits="1"/>
						<line number="2376" hits="1"/>
						<line number="2377" hits="1"/>
						<line number="2380" hits="1"/>
						<line number="2381" hits="1"/>
						<line number="2384" hits="1"/>
						<line number="2385" hits="1"/>
						<line number="2386" hits="1"/>
						<line number="2388" hits="1"/>
						<line number="2389" hits="1"/>
						<line number="2391" hits="1"/>
						<line number="2393" hits="1"/>
						<line number="2394" hits="0"/>
						<line number="2396" hits="1"/>
						<line number="2397" hits="1"/>
						<line number="2399" hits="1"/>
						<line number="2401" hits="1"/>
						<line number="2402" hits="1"/>
						<line number="2403" hits="1"/>
						<line number="2406" hits="1"/>
						<line number="2408" hits="1"/>
						<line number="2409" hits="1"/>
						<line number="2412" hits="1"/>
						<line number="2415" hits="1"/>
						<line number="2416" hits="1"/>
						<line number="2417" hits="1"/>
						<line number="2420" hits="1"/>
						<line number="2421" hits="0"/>
						<line number="2422" hits="0"/>
						<line number="2426" hits="1"/>
						<line number="2427" hits="1"/>
						<line number="2428" hits="1"/>
						<line number="2431" hits="1"/>
						<line number="2432" hits="1"/>
						<line number="2435" hits="1"/>
						<line number="2436" hits="1"/>
						<line number="2439" hits="1"/>
						<line number="2441" hits="1"/>
						<line number="2443" hits="1"/>
						<line number="2446" hits="1"/>
						<line number="2447" hits="0"/>
						<line number="2448" hits="0"/>
						<line number="2452" hits="1"/>
						<line number="2453" hits="1"/>
						<line number="2454" hits="1"/>
						<line number="2457" hits="1"/>
						<line number="2458" hits="1"/>
						<line number="2461" hits="1"/>
						<line number="2462" hits="1"/>
						<line number="2465" hits="1"/>
						<line number="2468" hits="1"/>
						<line number="2469" hits="1"/>
						<line number="2471" hits="1"/>
						<line number="2474" hits="1"/>
						<line number="2478" hits="1"/>
						<line number="2479" hits="1"/>
						<line number="2480" hits="1"/>
						<line number="2481" hits="1"/>
						<line number="2482" hits="1"/>
						<line number="2483" hits="1"/>
						<line number="2484" hits="1"/>
						<line number="2485" hits="1"/>
						<line number="2489" hits="1"/>
						<line number="2490" hits="1"/>
						<line number="2492" hits="1"/>
					</lines>
				</class>
			</classes>
		</package>
	</packages>
</coverage>
